+ '[' '!' -f css/critical.css ']'
++ cat css/critical.css
+ CRITICAL_CSS='/* Critical CSS for Above-the-Fold Content */

/* Essential body and typography styles */
body {
    font-family: '\''Arial'\'', sans-serif;
    background-color: #3a3f44;
    color: #e0e0e0;
    margin: 0;
    padding: 0;
    position: relative;
    text-shadow: 0 1px 1px rgba(0, 0, 0, 0.3);
}

/* Header and Navigation */
header {
    background-color: rgba(26, 34, 45, 0.9);
    padding: 1rem;
    display: flex;
    justify-content: space-between;
    align-items: center;
    position: sticky;
    top: 0;
    z-index: 1000;
    box-shadow: 0 2px 10px rgba(0, 0, 0, 0.2);
}

.logo-img {
    max-height: 50px;
    width: auto;
}

.nav-links ul {
    list-style: none;
    display: flex;
    margin: 0;
    padding: 0;
}

.nav-links li {
    margin: 0 15px;
    position: relative;
}

.nav-links a {
    color: #e0e0e0;
    text-decoration: none;
    font-weight: 500;
    font-size: 0.95rem;
    transition: color 0.3s ease;
}

.nav-links a:hover,
.nav-links a.active {
    color: #4fd5ff;
}

/* Mobile Menu Toggle */
.menu-toggle {
    display: none;
    background: none;
    border: none;
    color: #e0e0e0;
    font-size: 1.5rem;
    cursor: pointer;
}

/* Hero Section */
.hero {
    text-align: center;
    padding: 2rem 1rem;
    position: relative;
}

.hero h1 {
    font-size: 42px;
    margin: 0.5rem 0;
    color: #ffffff;
    text-shadow: 0 2px 4px rgba(0, 0, 0, 0.5);
}

.hero-image {
    max-width: 80%;
    max-height: 400px;
    object-fit: cover;
    border-radius: 8px;
    box-shadow: 0 8px 24px rgba(0, 0, 0, 0.3);
    margin: 1.5rem 0;
}

.hero p {
    font-size: 1.2rem;
    margin: 1rem 0;
    color: #4fd5ff;
}

/* Blog Header */
.blog-header {
    text-align: center;
    margin-bottom: 2rem;
}

.blog-meta {
    margin-bottom: 1rem;
}

.blog-category, .blog-date {
    display: inline-block;
    margin: 0 10px;
    font-size: 0.9rem;
    color: #a0a0a0;
}

.back-to-blog {
    display: inline-block;
    margin-bottom: 1rem;
    color: #4fd5ff;
    text-decoration: none;
    font-size: 0.95rem;
}

.blog-featured-image {
    width: 100%;
    border-radius: 8px;
    margin-bottom: 1rem;
}

/* Essential Image Handling */
img, picture img {
    max-width: 100%;
    height: auto;
}

/* Prevent layout shifts for key images */
.hero-image, .blog-featured-image {
    aspect-ratio: 16 / 9;
    object-fit: cover;
}

/* Responsive adjustments */
@media (max-width: 992px) {
    .hero h1 {
        font-size: 36px;
    }

    .hero-image {
        max-width: 90%;
        max-height: 350px;
    }
}

@media (max-width: 768px) {
    .menu-toggle {
        display: block;
    }

    .nav-links {
        display: none;
        position: absolute;
        top: 100%;
        left: 0;
        width: 100%;
        background-color: rgba(26, 34, 45, 0.95);
    }

    .nav-links.active {
        display: block;
    }

    .nav-links ul {
        flex-direction: column;
        padding: 1rem;
    }

    .nav-links li {
        margin: 10px 0;
    }

    .hero h1 {
        font-size: 28px;
    }

    .hero-image {
        max-height: 280px;
    }
}'
+ STYLE_TAG='<!-- Critical CSS for above-the-fold content -->
    <style>
/* Critical CSS for Above-the-Fold Content */

/* Essential body and typography styles */
body {
    font-family: '\''Arial'\'', sans-serif;
    background-color: #3a3f44;
    color: #e0e0e0;
    margin: 0;
    padding: 0;
    position: relative;
    text-shadow: 0 1px 1px rgba(0, 0, 0, 0.3);
}

/* Header and Navigation */
header {
    background-color: rgba(26, 34, 45, 0.9);
    padding: 1rem;
    display: flex;
    justify-content: space-between;
    align-items: center;
    position: sticky;
    top: 0;
    z-index: 1000;
    box-shadow: 0 2px 10px rgba(0, 0, 0, 0.2);
}

.logo-img {
    max-height: 50px;
    width: auto;
}

.nav-links ul {
    list-style: none;
    display: flex;
    margin: 0;
    padding: 0;
}

.nav-links li {
    margin: 0 15px;
    position: relative;
}

.nav-links a {
    color: #e0e0e0;
    text-decoration: none;
    font-weight: 500;
    font-size: 0.95rem;
    transition: color 0.3s ease;
}

.nav-links a:hover,
.nav-links a.active {
    color: #4fd5ff;
}

/* Mobile Menu Toggle */
.menu-toggle {
    display: none;
    background: none;
    border: none;
    color: #e0e0e0;
    font-size: 1.5rem;
    cursor: pointer;
}

/* Hero Section */
.hero {
    text-align: center;
    padding: 2rem 1rem;
    position: relative;
}

.hero h1 {
    font-size: 42px;
    margin: 0.5rem 0;
    color: #ffffff;
    text-shadow: 0 2px 4px rgba(0, 0, 0, 0.5);
}

.hero-image {
    max-width: 80%;
    max-height: 400px;
    object-fit: cover;
    border-radius: 8px;
    box-shadow: 0 8px 24px rgba(0, 0, 0, 0.3);
    margin: 1.5rem 0;
}

.hero p {
    font-size: 1.2rem;
    margin: 1rem 0;
    color: #4fd5ff;
}

/* Blog Header */
.blog-header {
    text-align: center;
    margin-bottom: 2rem;
}

.blog-meta {
    margin-bottom: 1rem;
}

.blog-category, .blog-date {
    display: inline-block;
    margin: 0 10px;
    font-size: 0.9rem;
    color: #a0a0a0;
}

.back-to-blog {
    display: inline-block;
    margin-bottom: 1rem;
    color: #4fd5ff;
    text-decoration: none;
    font-size: 0.95rem;
}

.blog-featured-image {
    width: 100%;
    border-radius: 8px;
    margin-bottom: 1rem;
}

/* Essential Image Handling */
img, picture img {
    max-width: 100%;
    height: auto;
}

/* Prevent layout shifts for key images */
.hero-image, .blog-featured-image {
    aspect-ratio: 16 / 9;
    object-fit: cover;
}

/* Responsive adjustments */
@media (max-width: 992px) {
    .hero h1 {
        font-size: 36px;
    }

    .hero-image {
        max-width: 90%;
        max-height: 350px;
    }
}

@media (max-width: 768px) {
    .menu-toggle {
        display: block;
    }

    .nav-links {
        display: none;
        position: absolute;
        top: 100%;
        left: 0;
        width: 100%;
        background-color: rgba(26, 34, 45, 0.95);
    }

    .nav-links.active {
        display: block;
    }

    .nav-links ul {
        flex-direction: column;
        padding: 1rem;
    }

    .nav-links li {
        margin: 10px 0;
    }

    .hero h1 {
        font-size: 28px;
    }

    .hero-image {
        max-height: 280px;
    }
}
    </style>'
./inject-critical-css.sh: line 50: syntax error near unexpected token `<'
./inject-critical-css.sh: line 50: `    <noscript><link rel=\"stylesheet\" href=\"${base_path}css/responsive-images.css\"></noscript>" "$file"'
